This is pdfTeX, Version 3.1415926-2.5-1.40.14 (MiKTeX 2.9) (preloaded format=latex 2013.12.9)  6 JAN 2020 20:48
entering extended mode
**article_3.tex
(E:\article_3\article_3.tex
LaTeX2e <2011/06/27>
Babel <v3.8m> and hyphenation patterns for english, afrikaans, ancientgreek, ar
abic, armenian, assamese, basque, bengali, bokmal, bulgarian, catalan, coptic, 
croatian, czech, danish, dutch, esperanto, estonian, farsi, finnish, french, ga
lician, german, german-x-2013-05-26, greek, gujarati, hindi, hungarian, iceland
ic, indonesian, interlingua, irish, italian, kannada, kurmanji, latin, latvian,
 lithuanian, malayalam, marathi, mongolian, mongolianlmc, monogreek, ngerman, n
german-x-2013-05-26, nynorsk, oriya, panjabi, pinyin, polish, portuguese, roman
ian, russian, sanskrit, serbian, slovak, slovenian, spanish, swedish, swissgerm
an, tamil, telugu, turkish, turkmen, ukenglish, ukrainian, uppersorbian, usengl
ishmax, welsh, loaded.
(E:\article_3\article.cls
Document Class: article 2000/05/19 v1.4b Standard LaTeX document class
("E:\Programs\MikTex installed\Full_TeX\texmf\tex\latex\base\size10.clo"
File: size10.clo 2007/10/19 v1.4h Standard LaTeX file (size option)
)
\c@part=\count79
\c@section=\count80
\c@subsection=\count81
\c@subsubsection=\count82
\c@paragraph=\count83
\c@subparagraph=\count84
\c@figure=\count85
\c@table=\count86
\abovecaptionskip=\skip41
\belowcaptionskip=\skip42
\bibindent=\dimen102
)
("E:\Programs\MikTex installed\Full_TeX\texmf\tex\latex\graphics\epsfig.sty"
Package: epsfig 1999/02/16 v1.7a (e)psfig emulation (SPQR)

("E:\Programs\MikTex installed\Full_TeX\texmf\tex\latex\graphics\graphicx.sty"
Package: graphicx 1999/02/16 v1.0f Enhanced LaTeX Graphics (DPC,SPQR)

("E:\Programs\MikTex installed\Full_TeX\texmf\tex\latex\graphics\keyval.sty"
Package: keyval 1999/03/16 v1.13 key=value parser (DPC)
\KV@toks@=\toks14
)
("E:\Programs\MikTex installed\Full_TeX\texmf\tex\latex\graphics\graphics.sty"
Package: graphics 2009/02/05 v1.0o Standard LaTeX Graphics (DPC,SPQR)

("E:\Programs\MikTex installed\Full_TeX\texmf\tex\latex\graphics\trig.sty"
Package: trig 1999/03/16 v1.09 sin cos tan (DPC)
)
("E:\Programs\MikTex installed\Full_TeX\texmf\tex\latex\00miktex\graphics.cfg"
File: graphics.cfg 2007/01/18 v1.5 graphics configuration of teTeX/TeXLive
)
Package graphics Info: Driver file: dvips.def on input line 91.
("E:\Programs\MikTex installed\Full_TeX\texmf\tex\latex\graphics\dvips.def"
File: dvips.def 1999/02/16 v3.0i Driver-dependant file (DPC,SPQR)
))
\Gin@req@height=\dimen103
\Gin@req@width=\dimen104
)
\epsfxsize=\dimen105
\epsfysize=\dimen106
) ("E:\Programs\MikTex installed\Full_TeX\texmf\tex\latex\caption\subcaption.st
y"
Package: subcaption 2013/02/03 v1.1-62 Sub-captions (AR)
 ("E:\Programs\MikTex installed\Full_TeX\texmf\tex\latex\caption\caption.sty"
Package: caption 2013/05/02 v3.3-89 Customizing captions (AR)

("E:\Programs\MikTex installed\Full_TeX\texmf\tex\latex\caption\caption3.sty"
Package: caption3 2013/05/02 v1.6-88 caption3 kernel (AR)
Package caption3 Info: TeX engine: e-TeX on input line 57.
\captionmargin=\dimen107
\captionmargin@=\dimen108
\captionwidth=\dimen109
\caption@tempdima=\dimen110
\caption@indent=\dimen111
\caption@parindent=\dimen112
\caption@hangindent=\dimen113
)
\c@ContinuedFloat=\count87
)
\c@subfigure=\count88
\c@subtable=\count89
) ("E:\Programs\MikTex installed\Full_TeX\texmf\tex\latex\tools\calc.sty"
Package: calc 2007/08/22 v4.3 Infix arithmetic (KKT,FJ)
\calc@Acount=\count90
\calc@Bcount=\count91
\calc@Adimen=\dimen114
\calc@Bdimen=\dimen115
\calc@Askip=\skip43
\calc@Bskip=\skip44
LaTeX Info: Redefining \setlength on input line 76.
LaTeX Info: Redefining \addtolength on input line 77.
\calc@Ccount=\count92
\calc@Cskip=\skip45
)
("E:\Programs\MikTex installed\Full_TeX\texmf\tex\latex\amsfonts\amssymb.sty"
Package: amssymb 2013/01/14 v3.01 AMS font symbols

("E:\Programs\MikTex installed\Full_TeX\texmf\tex\latex\amsfonts\amsfonts.sty"
Package: amsfonts 2013/01/14 v3.01 Basic AMSFonts support
\@emptytoks=\toks15
\symAMSa=\mathgroup4
\symAMSb=\mathgroup5
LaTeX Font Info:    Overwriting math alphabet `\mathfrak' in version `bold'
(Font)                  U/euf/m/n --> U/euf/b/n on input line 106.
)) ("E:\Programs\MikTex installed\Full_TeX\texmf\tex\latex\amsmath\amstext.sty"
Package: amstext 2000/06/29 v2.01

("E:\Programs\MikTex installed\Full_TeX\texmf\tex\latex\amsmath\amsgen.sty"
File: amsgen.sty 1999/11/30 v2.0
\@emptytoks=\toks16
\ex@=\dimen116
))
("E:\Programs\MikTex installed\Full_TeX\texmf\tex\latex\amsmath\amsmath.sty"
Package: amsmath 2013/01/14 v2.14 AMS math features
\@mathmargin=\skip46

For additional information on amsmath, use the `?' option.
("E:\Programs\MikTex installed\Full_TeX\texmf\tex\latex\amsmath\amsbsy.sty"
Package: amsbsy 1999/11/29 v1.2d
\pmbraise@=\dimen117
)
("E:\Programs\MikTex installed\Full_TeX\texmf\tex\latex\amsmath\amsopn.sty"
Package: amsopn 1999/12/14 v2.01 operator names
)
\inf@bad=\count93
LaTeX Info: Redefining \frac on input line 210.
\uproot@=\count94
\leftroot@=\count95
LaTeX Info: Redefining \overline on input line 306.
\classnum@=\count96
\DOTSCASE@=\count97
LaTeX Info: Redefining \ldots on input line 378.
LaTeX Info: Redefining \dots on input line 381.
LaTeX Info: Redefining \cdots on input line 466.
\Mathstrutbox@=\box26
\strutbox@=\box27
\big@size=\dimen118
LaTeX Font Info:    Redeclaring font encoding OML on input line 566.
LaTeX Font Info:    Redeclaring font encoding OMS on input line 567.
\macc@depth=\count98
\c@MaxMatrixCols=\count99
\dotsspace@=\muskip10
\c@parentequation=\count100
\dspbrk@lvl=\count101
\tag@help=\toks17
\row@=\count102
\column@=\count103
\maxfields@=\count104
\andhelp@=\toks18
\eqnshift@=\dimen119
\alignsep@=\dimen120
\tagshift@=\dimen121
\tagwidth@=\dimen122
\totwidth@=\dimen123
\lineht@=\dimen124
\@envbody=\toks19
\multlinegap=\skip47
\multlinetaggap=\skip48
\mathdisplay@stack=\toks20
LaTeX Info: Redefining \[ on input line 2665.
LaTeX Info: Redefining \] on input line 2666.
)
("E:\Programs\MikTex installed\Full_TeX\texmf\tex\latex\amscls\amsthm.sty"
Package: amsthm 2004/08/06 v2.20
\thm@style=\toks21
\thm@bodyfont=\toks22
\thm@headfont=\toks23
\thm@notefont=\toks24
\thm@headpunct=\toks25
\thm@preskip=\skip49
\thm@postskip=\skip50
\thm@headsep=\skip51
\dth@everypar=\toks26
)
("E:\Programs\MikTex installed\Full_TeX\texmf\tex\latex\tools\multicol.sty"
Package: multicol 2011/06/27 v1.7a multicolumn formatting (FMi)
\c@tracingmulticols=\count105
\mult@box=\box28
\multicol@leftmargin=\dimen125
\c@unbalance=\count106
\c@collectmore=\count107
\doublecol@number=\count108
\multicoltolerance=\count109
\multicolpretolerance=\count110
\full@width=\dimen126
\page@free=\dimen127
\premulticols=\dimen128
\postmulticols=\dimen129
\multicolsep=\skip52
\multicolbaselineskip=\skip53
\partial@page=\box29
\last@line=\box30
\mult@rightbox=\box31
\mult@grightbox=\box32
\mult@gfirstbox=\box33
\mult@firstbox=\box34
\@tempa=\box35
\@tempa=\box36
\@tempa=\box37
\@tempa=\box38
\@tempa=\box39
\@tempa=\box40
\@tempa=\box41
\@tempa=\box42
\@tempa=\box43
\@tempa=\box44
\@tempa=\box45
\@tempa=\box46
\@tempa=\box47
\@tempa=\box48
\@tempa=\box49
\@tempa=\box50
\@tempa=\box51
\c@columnbadness=\count111
\c@finalcolumnbadness=\count112
\last@try=\dimen130
\multicolovershoot=\dimen131
\multicolundershoot=\dimen132
\mult@nat@firstbox=\box52
\colbreak@box=\box53
\multicol@sort@counter=\count113
)
("E:\Programs\MikTex installed\Full_TeX\texmf\tex\latex\pslatex\pslatex.sty"
Package: pslatex 1996/07/24 v1.2 pslatex emulation (DPC)
LaTeX Font Info:    Redeclaring symbol font `operators' on input line 65.
LaTeX Font Info:    Overwriting symbol font `operators' in version `normal'
(Font)                  OT1/cmr/m/n --> OT1/ptmcm/m/n on input line 65.
LaTeX Font Info:    Overwriting symbol font `operators' in version `bold'
(Font)                  OT1/cmr/bx/n --> OT1/ptmcm/m/n on input line 65.
LaTeX Font Info:    Redeclaring symbol font `letters' on input line 66.
LaTeX Font Info:    Overwriting symbol font `letters' in version `normal'
(Font)                  OML/cmm/m/it --> OML/ptmcm/m/it on input line 66.
LaTeX Font Info:    Overwriting symbol font `letters' in version `bold'
(Font)                  OML/cmm/b/it --> OML/ptmcm/m/it on input line 66.
LaTeX Font Info:    Redeclaring symbol font `symbols' on input line 67.
LaTeX Font Info:    Overwriting symbol font `symbols' in version `normal'
(Font)                  OMS/cmsy/m/n --> OMS/pzccm/m/n on input line 67.
LaTeX Font Info:    Overwriting symbol font `symbols' in version `bold'
(Font)                  OMS/cmsy/b/n --> OMS/pzccm/m/n on input line 67.
LaTeX Font Info:    Redeclaring symbol font `largesymbols' on input line 68.
LaTeX Font Info:    Overwriting symbol font `largesymbols' in version `normal'
(Font)                  OMX/cmex/m/n --> OMX/psycm/m/n on input line 68.
LaTeX Font Info:    Overwriting symbol font `largesymbols' in version `bold'
(Font)                  OMX/cmex/m/n --> OMX/psycm/m/n on input line 68.
\symbold=\mathgroup6
\symitalic=\mathgroup7
LaTeX Font Info:    Redeclaring math alphabet \mathbf on input line 74.
LaTeX Font Info:    Overwriting math alphabet `\mathbf' in version `normal'
(Font)                  OT1/cmr/bx/n --> OT1/ptm/bx/n on input line 74.
LaTeX Font Info:    Overwriting math alphabet `\mathbf' in version `bold'
(Font)                  OT1/cmr/bx/n --> OT1/ptm/bx/n on input line 74.
LaTeX Font Info:    Redeclaring math alphabet \mathit on input line 75.
LaTeX Font Info:    Overwriting math alphabet `\mathit' in version `normal'
(Font)                  OT1/cmr/m/it --> OT1/ptm/m/it on input line 75.
LaTeX Font Info:    Overwriting math alphabet `\mathit' in version `bold'
(Font)                  OT1/cmr/bx/it --> OT1/ptm/m/it on input line 75.
)
(E:\article_3\apalike.sty
\bibhang=\skip54
)
("E:\Programs\MikTex installed\Full_TeX\texmf\tex\latex\tensor\tensor.sty"
Package: tensor 2004/12/20 v2.1 tensor indices package (PGR)
\tnsr@Sps=\toks27
\tnsr@Sbs=\toks28
\tnsr@Spe=\toks29
\tnsr@Sbe=\toks30
\ncld@Mno=\toks31
)
("E:\Programs\MikTex installed\Full_TeX\texmf\tex\latex\cite\cite.sty"
LaTeX Info: Redefining \cite on input line 302.
LaTeX Info: Redefining \nocite on input line 332.
Package: cite 2015/02/27  v 5.5
)
("E:\Programs\MikTex installed\Full_TeX\texmf\tex\latex\floatrow\floatrow.sty"
Package: floatrow 2008/08/02 v0.3b floatrow: float package extension
\c@float@type=\count114
\float@exts=\toks32
\float@box=\box54
\@floatcapt=\box55
Package floatrow Info: Modified float package code loaded on input line 455.
Package floatrow Info: Modified rotfloat package code loaded on input line 473.

\FR@everyfloat=\toks33
\flrow@foot=\insert233
\FB@wd=\dimen133
\FBo@wd=\dimen134
\FBc@wd=\dimen135
\FBo@ht=\skip55
\FBc@ht=\skip56
\FBf@ht=\skip57
\FBo@max=\skip58
\FBc@max=\skip59
\FBf@max=\skip60
\c@FBl@b=\count115
\floatbox@depth=\count116
\c@FRobj=\count117
\c@FRsobj=\count118
\Xhsize=\skip61
\sXhsize=\skip62
\Zhsize=\skip63
\sZhsize=\skip64
\flrow@rowbox=\box56
\FR@Zunitlength=\dimen136
\c@FBcnt=\count119
\FPOScnt=\count120
\LTleft=\skip65
\LTright=\skip66
\LTleft=\skip67
\LTright=\skip68
\flrow@types=\toks34
) ("E:\Programs\MikTex installed\Full_TeX\texmf\tex\latex\blindtext\blindtext.s
ty"
Package: blindtext 2012/01/06 V2.0 blindtext-Package
 ("E:\Programs\MikTex installed\Full_TeX\texmf\tex\latex\tools\xspace.sty"
Package: xspace 2009/10/20 v1.13 Space after command names (DPC,MH)
)
\c@blindtext=\count121
\c@Blindtext=\count122
\c@blind@countparstart=\count123
\blind@countxx=\count124
\blindtext@numBlindtext=\count125
\blind@countyy=\count126
\c@blindlist=\count127
\c@blindlistlevel=\count128
\c@blindlist@level=\count129
\blind@listitem=\count130
\c@blind@listcount=\count131
\c@blind@levelcount=\count132
\blind@mathformula=\count133
\blind@Mathformula=\count134
\c@blind@randomcount=\count135
\c@blind@randommax=\count136
\c@blind@pangramcount=\count137
\c@blind@pangrammax=\count138
)
(E:\article_3\SCITEPRESS.sty
Conference Style for SCITEPRESS for LaTeX 2e -- version of December 2018
\titlebox=\skip69
)
\c@theorem=\count139
\c@definition=\count140
 (E:\article_3\article_3.aux)
LaTeX Font Info:    Checking defaults for OML/cmm/m/it on input line 70.
LaTeX Font Info:    ... okay on input line 70.
LaTeX Font Info:    Checking defaults for T1/cmr/m/n on input line 70.
LaTeX Font Info:    ... okay on input line 70.
LaTeX Font Info:    Checking defaults for OT1/cmr/m/n on input line 70.
LaTeX Font Info:    ... okay on input line 70.
LaTeX Font Info:    Checking defaults for OMS/pzccm/m/n on input line 70.
LaTeX Font Info:    Try loading font information for OMS+pzccm on input line 70
.

("E:\Programs\MikTex installed\Full_TeX\texmf\tex\latex\psnfss\omspzccm.fd"
File: omspzccm.fd 2000/01/03 Fontinst v1.801 font definitions for OMS/pzccm.
)
LaTeX Font Info:    ... okay on input line 70.
LaTeX Font Info:    Checking defaults for OMX/cmex/m/n on input line 70.
LaTeX Font Info:    ... okay on input line 70.
LaTeX Font Info:    Checking defaults for U/cmr/m/n on input line 70.
LaTeX Font Info:    ... okay on input line 70.
Package caption Info: Begin \AtBeginDocument code.
Package caption Info: floatrow package is loaded.
Package caption Info: float package is loaded.
Package caption Info: floatrow package is loaded.
Package caption Info: End \AtBeginDocument code.

("E:\Programs\MikTex installed\Full_TeX\texmf\tex\latex\graphics\color.sty"
Package: color 2005/11/14 v1.0j Standard LaTeX Color (DPC)

("E:\Programs\MikTex installed\Full_TeX\texmf\tex\latex\00miktex\color.cfg"
File: color.cfg 2007/01/18 v1.5 color configuration of teTeX/TeXLive
)
Package color Info: Driver file: dvips.def on input line 130.

("E:\Programs\MikTex installed\Full_TeX\texmf\tex\latex\graphics\dvipsnam.def"
File: dvipsnam.def 1999/02/16 v3.0i Driver-dependant file (DPC,SPQR)
))
LaTeX Font Info:    Font shape `OT1/ptm/bx/n' in size <14.4> not available
(Font)              Font shape `OT1/ptm/b/n' tried instead on input line 83.
LaTeX Font Info:    Calculating math sizes for size <11> on input line 83.
LaTeX Font Info:    Try loading font information for OT1+ptmcm on input line 83
.
 ("E:\Programs\MikTex installed\Full_TeX\texmf\tex\latex\psnfss\ot1ptmcm.fd"
File: ot1ptmcm.fd 2000/01/03 Fontinst v1.801 font definitions for OT1/ptmcm.
)
LaTeX Font Info:    Try loading font information for OML+ptmcm on input line 83
.

("E:\Programs\MikTex installed\Full_TeX\texmf\tex\latex\psnfss\omlptmcm.fd"
File: omlptmcm.fd 2000/01/03 Fontinst v1.801 font definitions for OML/ptmcm.
)
LaTeX Font Info:    Try loading font information for OMX+psycm on input line 83
.

("E:\Programs\MikTex installed\Full_TeX\texmf\tex\latex\psnfss\omxpsycm.fd"
File: omxpsycm.fd 2000/01/03 Fontinst v1.801 font definitions for OMX/psycm.
)
LaTeX Font Info:    Try loading font information for U+msa on input line 83.

("E:\Programs\MikTex installed\Full_TeX\texmf\tex\latex\amsfonts\umsa.fd"
File: umsa.fd 2013/01/14 v3.01 AMS symbols A
)
LaTeX Font Info:    Try loading font information for U+msb on input line 83.

("E:\Programs\MikTex installed\Full_TeX\texmf\tex\latex\amsfonts\umsb.fd"
File: umsb.fd 2013/01/14 v3.01 AMS symbols B
)
LaTeX Font Info:    Font shape `OT1/ptm/bx/n' in size <11> not available
(Font)              Font shape `OT1/ptm/b/n' tried instead on input line 83.
LaTeX Font Info:    Font shape `OT1/ptm/bx/n' in size <7.69997> not available
(Font)              Font shape `OT1/ptm/b/n' tried instead on input line 83.
LaTeX Font Info:    Font shape `OT1/ptm/bx/n' in size <5.5> not available
(Font)              Font shape `OT1/ptm/b/n' tried instead on input line 83.
LaTeX Font Info:    Font shape `OT1/ptm/bx/n' in size <9> not available
(Font)              Font shape `OT1/ptm/b/n' tried instead on input line 83.
LaTeX Font Info:    Font shape `OT1/ptm/bx/n' in size <7> not available
(Font)              Font shape `OT1/ptm/b/n' tried instead on input line 83.
LaTeX Font Info:    Font shape `OT1/ptm/bx/n' in size <5> not available
(Font)              Font shape `OT1/ptm/b/n' tried instead on input line 83.
LaTeX Font Info:    Font shape `OMS/ptm/m/it' in size <9> not available
(Font)              Font shape `OMS/pzccm/m/n' tried instead on input line 83.

Underfull \hbox (badness 10000) in paragraph at lines 83--83

 []

LaTeX Font Info:    Font shape `OT1/ptm/bx/n' in size <13> not available
(Font)              Font shape `OT1/ptm/b/n' tried instead on input line 85.
Missing character: There is no ‚ in font ptmr7t!
Missing character: There is no Ä in font ptmr7t!
Missing character: There is no ô in font ptmr7t!

Underfull \vbox (badness 1226) has occurred while \output is active []

LaTeX Font Info:    Font shape `OT1/ptm/bx/n' in size <10> not available
(Font)              Font shape `OT1/ptm/b/n' tried instead on input line 96.

Underfull \vbox (badness 10000) has occurred while \output is active []

 [1




]
LaTeX Font Info:    Font shape `OT1/ptm/bx/n' in size <7.4> not available
(Font)              Font shape `OT1/ptm/b/n' tried instead on input line 104.
LaTeX Font Info:    Font shape `OT1/ptm/bx/n' in size <6> not available
(Font)              Font shape `OT1/ptm/b/n' tried instead on input line 104.

Underfull \hbox (badness 1845) in paragraph at lines 116--120
\OT1/ptm/m/n/10 i-mated by the ac-tion of the bi-lin-ear form $\OML/ptmcm/m/it/
10 S \OT1/ptmcm/m/n/10 =
 []


Underfull \hbox (badness 1226) in paragraph at lines 122--123
\OT1/ptm/m/n/10 and Kanade, 1991] it's sug-gested to use the
 []


Underfull \hbox (badness 1210) in paragraph at lines 122--123
\OT1/ptm/m/n/10 direction-wise min-i-mum of the self-similarity,
 []

File: 2.jpg Graphic file (type eps)
<2.jpg>
Overfull \hbox (26.8875pt too wide) in paragraph at lines 131--134
 [][] 
 []

[2]
File: 6.jpg Graphic file (type eps)
 <6.jpg>
Underfull \vbox (badness 10000) has occurred while \output is active []

 [3]
Underfull \hbox (badness 10000) in paragraph at lines 204--205
[]\OT1/ptm/m/n/10 So we ap-prox-i-mated the self-similarity
 []


Underfull \hbox (badness 10000) in paragraph at lines 204--205
\OT1/ptm/m/n/10 by the ac-tion of the bi-lin-ear form $\OML/ptmcm/m/it/10 S \OT
1/ptmcm/m/n/10 =
 []


Underfull \hbox (badness 2237) in paragraph at lines 204--205
[][] \OML/ptmcm/m/it/10 w\OT1/ptmcm/m/n/10 (\OML/ptmcm/m/it/10 x\OT1/ptmcm/m/n/
10 )[]\OML/ptmcm/m/it/10 df[]G[]df[][]dx$\OT1/ptm/m/n/10 . This bi-lin-ear form

 []

[4]
Underfull \hbox (badness 1221) in paragraph at lines 279--280
[]\OT1/ptm/m/n/10 With this the-o-rem we ap-prox-i-mated the self-
 []

[5]
LaTeX Font Info:    Font shape `OT1/ptm/bx/n' in size <12> not available
(Font)              Font shape `OT1/ptm/b/n' tried instead on input line 283.

Underfull \hbox (badness 1515) in paragraph at lines 284--285
\OT1/ptm/m/n/10 We will ap-ply our blob de-tec-tion frame-work to
 []

File: 7.png Graphic file (type eps)
<7.png>
Overfull \hbox (52.18245pt too wide) in paragraph at lines 290--293
 [][] 
 []


Underfull \hbox (badness 1112) in paragraph at lines 306--307
\OML/ptmcm/m/it/10 f[]$ \OT1/ptm/m/n/10 and $\OML/ptmcm/m/it/10 f[]$ \OT1/ptm/m
/n/10 by the ap-proach fol-low-ing [Barth,
 []

LaTeX Font Info:    Font shape `OMS/ptm/m/n' in size <10> not available
(Font)              Font shape `OMS/pzccm/m/n' tried instead on input line 308.

Missing character: There is no Ã in font ptmr7t!
Missing character: There is no Ö in font ptmr7t!

Underfull \hbox (badness 3049) in paragraph at lines 311--312
[]\OT1/ptm/m/n/10 Calculate the co-vari-ant dif-fer-en-tials $\OMS/pzccm/m/n/10
 r\OML/ptmcm/m/it/10 f[]$ \OT1/ptm/m/n/10 of
 []


Underfull \hbox (badness 1845) in paragraph at lines 311--312
\OT1/ptm/m/n/10 each com-po-nent of $\OML/ptmcm/m/it/10 f[]$ \OT1/ptm/m/n/10 by
 the ap-proach fol-
 []


Underfull \hbox (badness 1533) in paragraph at lines 311--312
\OT1/ptm/m/n/10 low-ing [Liu et al., 2016]. The over-all co-
 []


Underfull \hbox (badness 1242) in paragraph at lines 311--312
\OT1/ptm/m/n/10 vari-ant dif-fer-en-tial $\OMS/pzccm/m/n/10 r\OML/ptmcm/m/it/10
 f[]$ \OT1/ptm/m/n/10 is ob-tained by stack-
 []


Underfull \hbox (badness 1009) in paragraph at lines 319--320
[]\OT1/ptm/m/n/10 For each ver-tex cal-cu-late the struc-ture ten-sor
 []

[6] (E:\article_3\article_3.bbl
Missing character: There is no ‚ in font ptmr7t!
Missing character: There is no Ä in font ptmr7t!
Missing character: There is no ê in font ptmr7t!
Missing character: There is no ‚ in font ptmr7t!
Missing character: There is no Ä in font ptmr7t!
Missing character: There is no ô in font ptmr7t!

Underfull \hbox (badness 1215) in paragraph at lines 28--31
[]\OT1/ptm/m/n/9 C. Chefd-Ho-tel, D. Tschumperle, R. D. O. F. (2004).
 []

Missing character: There is no √ in font ptmr7t!
Missing character: There is no © in font ptmr7t!
) [7] (E:\article_3\article_3.aux) ) 
Here is how much of TeX's memory you used:
 4209 strings out of 493922
 61717 string characters out of 3150579
 123905 words of memory out of 3000000
 7446 multiletter control sequences out of 15000+200000
 37055 words of font info for 97 fonts, out of 3000000 for 9000
 841 hyphenation exceptions out of 8191
 42i,11n,40p,1072b,379s stack positions out of 5000i,500n,10000p,200000b,50000s

Output written on article_3.dvi (7 pages, 51764 bytes).
